<?xml version="1.0" encoding="UTF-8"?>
<!-- Generated by org.testng.reporters.JUnitReportReporter -->
<testsuite hostname="DESKTOP-FUQKOE5" failures="0" tests="1" name="TestCases.TestAccountRegistrationPage_TC001" time="4.540" errors="0" timestamp="2025-08-22T12:56:12 BDT" skipped="0">
  <testcase classname="TestCases.TestAccountRegistrationPage_TC001" name="verifyAccounRegistration" time="4.540"/>
</testsuite> <!-- TestCases.TestAccountRegistrationPage_TC001 -->
