<?xml version="1.0" encoding="UTF-8"?>
<!-- Generated by org.testng.reporters.JUnitReportReporter -->
<testsuite hostname="DESKTOP-FUQKOE5" failures="0" tests="1" name="TestCases.TestAccountLoginPage_TC002" time="1.443" errors="0" timestamp="2025-08-22T12:56:12 BDT" skipped="0">
  <testcase classname="TestCases.TestAccountLoginPage_TC002" name="verifyLogin" time="1.443"/>
</testsuite> <!-- TestCases.TestAccountLoginPage_TC002 -->
